<?xml version="1.0" encoding="UTF-8"?>
<!-- Generated by org.testng.reporters.JUnitReportReporter -->
<testsuite hostname="BLRKEC342241L" failures="0" tests="1" name="POM.LoginPOM" time="15.571" errors="0" timestamp="2020-08-20T13:09:56 IST" skipped="0">
  <testcase classname="POM.LoginPOM" name="Login" time="15.571"/>
  <system-out/>
</testsuite> <!-- POM.LoginPOM -->
