<?xml version="1.0" encoding="UTF-8"?>
<!-- Generated by org.testng.reporters.JUnitReportReporter -->
<testsuite hostname="BLRKEC342241L" failures="0" tests="1" name="TestNG.ParametersClass" time="0.010" errors="0" timestamp="2020-08-17T19:53:33 IST" skipped="0">
  <testcase classname="TestNG.ParametersClass" name="printingName" time="0.010"/>
  <system-out/>
</testsuite> <!-- TestNG.ParametersClass -->
