<?xml version="1.0" encoding="UTF-8"?>
<!-- Generated by org.testng.reporters.JUnitReportReporter -->
<testsuite hostname="BLRKEC342241L" failures="0" tests="1" name="POM.withoutFindElements" time="20.602" errors="0" timestamp="2020-08-20T13:58:53 IST" skipped="0">
  <testcase classname="POM.withoutFindElements" name="Login" time="20.602"/>
  <system-out/>
</testsuite> <!-- POM.withoutFindElements -->
